2025-05-19 09:39:40.719 [main] INFO  c.h.a.AccountServiceApplication - Starting AccountServiceApplication using Java 21.0.6 with PID 26393 (/Users/mac/Engineering/GitHub/digital-bank-hub/business_system/core/account_management/account_service/build/classes/java/main started by mac in /Users/mac/Engineering/GitHub/digital-bank-hub/business_system/core/account_management/account_service)
2025-05-19 09:39:40.720 [main] DEBUG c.h.a.AccountServiceApplication - Running with Spring Boot v3.4.5, Spring v6.2.6
2025-05-19 09:39:40.721 [main] INFO  c.h.a.AccountServiceApplication - No active profile set, falling back to 1 default profile: "default"
2025-05-19 09:39:41.161 [main] INFO  o.s.b.w.e.tomcat.TomcatWebServer - Tomcat initialized with port 8001 (http)
2025-05-19 09:39:41.168 [main] INFO  o.a.coyote.http11.Http11NioProtocol - Initializing ProtocolHandler ["http-nio-8001"]
2025-05-19 09:39:41.169 [main] INFO  o.a.catalina.core.StandardService - Starting service [Tomcat]
2025-05-19 09:39:41.169 [main] INFO  o.a.catalina.core.StandardEngine - Starting Servlet engine: [Apache Tomcat/10.1.40]
2025-05-19 09:39:41.190 [main] INFO  o.a.c.c.C.[Tomcat].[localhost].[/] - Initializing Spring embedded WebApplicationContext
2025-05-19 09:39:41.190 [main] INFO  o.s.b.w.s.c.ServletWebServerApplicationContext - Root WebApplicationContext: initialization completed in 450 ms
2025-05-19 09:39:41.365 [main] INFO  o.a.coyote.http11.Http11NioProtocol - Starting ProtocolHandler ["http-nio-8001"]
2025-05-19 09:39:41.373 [main] INFO  o.s.b.w.e.tomcat.TomcatWebServer - Tomcat started on port 8001 (http) with context path '/'
2025-05-19 09:39:41.378 [main] INFO  c.h.a.AccountServiceApplication - Started AccountServiceApplication in 0.926 seconds (process running for 6.467)
2025-05-19 09:43:58.618 [http-nio-8001-exec-1] INFO  o.a.c.c.C.[Tomcat].[localhost].[/] - Initializing Spring DispatcherServlet 'dispatcherServlet'
2025-05-19 09:43:58.619 [http-nio-8001-exec-1] INFO  o.s.web.servlet.DispatcherServlet - Initializing Servlet 'dispatcherServlet'
2025-05-19 09:43:58.622 [http-nio-8001-exec-1] INFO  o.s.web.servlet.DispatcherServlet - Completed initialization in 3 ms
2025-05-19 09:43:58.699 [http-nio-8001-exec-1] INFO  c.h.a.a.gateway.CoreBankingGateway - Fetching accounts from URL: http://127.0.0.1:3000/v1/organizations/0196b308-2cfd-74ec-9528-8e9a8834e329/ledgers/0196b30a-20e1-79be-8d3f-59c746f41461/accounts?page=1&limit=10
2025-05-19 09:43:58.708 [http-nio-8001-exec-1] DEBUG o.s.web.client.RestTemplate - HTTP GET http://127.0.0.1:3000/v1/organizations/0196b308-2cfd-74ec-9528-8e9a8834e329/ledgers/0196b30a-20e1-79be-8d3f-59c746f41461/accounts?page=1&limit=10
2025-05-19 09:43:58.717 [http-nio-8001-exec-1] DEBUG o.s.web.client.RestTemplate - Accept=[application/json, application/*+json]
2025-05-19 09:43:58.750 [http-nio-8001-exec-1] DEBUG o.s.web.client.RestTemplate - Response 200 OK
2025-05-19 09:43:58.751 [http-nio-8001-exec-1] DEBUG o.s.web.client.RestTemplate - Reading to [com.hiepnh.account_service.domain.entity.AccountResponseWrapper]
2025-05-19 09:43:58.753 [http-nio-8001-exec-1] INFO  c.h.a.a.gateway.CoreBankingGateway - Response received: com.hiepnh.account_service.domain.entity.AccountResponseWrapper@6ffc480d
2025-05-19 10:33:57.468 [http-nio-8001-exec-2] INFO  c.h.a.a.gateway.CoreBankingGateway - Fetching accounts from URL: http://127.0.0.1:3000/v1/organizations/0196b308-2cfd-74ec-9528-8e9a8834e329/ledgers/0196b30a-20e1-79be-8d3f-59c746f41461/accounts?page=1&limit=10
2025-05-19 10:33:57.477 [http-nio-8001-exec-2] DEBUG o.s.web.client.RestTemplate - HTTP GET http://127.0.0.1:3000/v1/organizations/0196b308-2cfd-74ec-9528-8e9a8834e329/ledgers/0196b30a-20e1-79be-8d3f-59c746f41461/accounts?page=1&limit=10
2025-05-19 10:33:57.481 [http-nio-8001-exec-2] DEBUG o.s.web.client.RestTemplate - Accept=[application/json, application/*+json]
2025-05-19 10:33:57.559 [http-nio-8001-exec-2] DEBUG o.s.web.client.RestTemplate - Response 200 OK
2025-05-19 10:33:57.560 [http-nio-8001-exec-2] DEBUG o.s.web.client.RestTemplate - Reading to [com.hiepnh.account_service.domain.entity.AccountResponseWrapper]
2025-05-19 10:33:57.565 [http-nio-8001-exec-2] INFO  c.h.a.a.gateway.CoreBankingGateway - Response received: com.hiepnh.account_service.domain.entity.AccountResponseWrapper@3911e684
