2025-06-09 16:41:34.344 [main] INFO  c.h.b.BankingIntegrationApplication - Starting BankingIntegrationApplication using Java 21.0.6 with PID 67308 (/Users/mac/Engineering/GitHub/digital-bank-hub/business_system/core/banking_integration/build/classes/java/main started by mac in /Users/mac/Engineering/GitHub/digital-bank-hub/business_system/core/banking_integration)
2025-06-09 16:41:34.347 [main] INFO  c.h.b.BankingIntegrationApplication - No active profile set, falling back to 1 default profile: "default"
2025-06-09 16:41:34.796 [main] INFO  o.s.b.w.e.tomcat.TomcatWebServer - Tomcat initialized with port 8103 (http)
2025-06-09 16:41:34.804 [main] INFO  o.a.coyote.http11.Http11NioProtocol - Initializing ProtocolHandler ["http-nio-8103"]
2025-06-09 16:41:34.805 [main] INFO  o.a.catalina.core.StandardService - Starting service [Tomcat]
2025-06-09 16:41:34.805 [main] INFO  o.a.catalina.core.StandardEngine - Starting Servlet engine: [Apache Tomcat/10.1.40]
2025-06-09 16:41:34.827 [main] INFO  o.a.c.c.C.[Tomcat].[localhost].[/] - Initializing Spring embedded WebApplicationContext
2025-06-09 16:41:34.828 [main] INFO  o.s.b.w.s.c.ServletWebServerApplicationContext - Root WebApplicationContext: initialization completed in 461 ms
2025-06-09 16:41:35.039 [main] INFO  o.a.coyote.http11.Http11NioProtocol - Starting ProtocolHandler ["http-nio-8103"]
2025-06-09 16:41:35.043 [main] WARN  o.s.b.w.s.c.AnnotationConfigServletWebServerApplicationContext - Exception encountered during context initialization - cancelling refresh attempt: org.springframework.context.ApplicationContextException: Failed to start bean 'webServerStartStop'
2025-06-09 16:41:35.051 [main] INFO  o.s.b.a.l.ConditionEvaluationReportLogger - 

Error starting ApplicationContext. To display the condition evaluation report re-run your application with 'debug' enabled.
2025-06-09 16:41:35.060 [main] ERROR o.s.b.d.LoggingFailureAnalysisReporter - 

***************************
APPLICATION FAILED TO START
***************************

Description:

Web server failed to start. Port 8103 was already in use.

Action:

Identify and stop the process that's listening on port 8103 or configure this application to listen on another port.

2025-06-09 16:42:27.498 [main] INFO  c.h.b.BankingIntegrationApplication - Starting BankingIntegrationApplication using Java 21.0.6 with PID 67358 (/Users/mac/Engineering/GitHub/digital-bank-hub/business_system/core/banking_integration/build/classes/java/main started by mac in /Users/mac/Engineering/GitHub/digital-bank-hub/business_system/core/banking_integration)
2025-06-09 16:42:27.500 [main] INFO  c.h.b.BankingIntegrationApplication - No active profile set, falling back to 1 default profile: "default"
2025-06-09 16:42:27.978 [main] INFO  o.s.b.w.e.tomcat.TomcatWebServer - Tomcat initialized with port 8103 (http)
2025-06-09 16:42:27.986 [main] INFO  o.a.coyote.http11.Http11NioProtocol - Initializing ProtocolHandler ["http-nio-8103"]
2025-06-09 16:42:27.987 [main] INFO  o.a.catalina.core.StandardService - Starting service [Tomcat]
2025-06-09 16:42:27.987 [main] INFO  o.a.catalina.core.StandardEngine - Starting Servlet engine: [Apache Tomcat/10.1.40]
2025-06-09 16:42:28.009 [main] INFO  o.a.c.c.C.[Tomcat].[localhost].[/] - Initializing Spring embedded WebApplicationContext
2025-06-09 16:42:28.010 [main] INFO  o.s.b.w.s.c.ServletWebServerApplicationContext - Root WebApplicationContext: initialization completed in 485 ms
2025-06-09 16:42:28.214 [main] INFO  o.a.coyote.http11.Http11NioProtocol - Starting ProtocolHandler ["http-nio-8103"]
2025-06-09 16:42:28.223 [main] INFO  o.s.b.w.e.tomcat.TomcatWebServer - Tomcat started on port 8103 (http) with context path '/'
2025-06-09 16:42:28.229 [main] INFO  c.h.b.BankingIntegrationApplication - Started BankingIntegrationApplication in 1.071 seconds (process running for 6.645)
2025-06-09 16:43:32.207 [http-nio-8103-exec-1] INFO  o.a.c.c.C.[Tomcat].[localhost].[/] - Initializing Spring DispatcherServlet 'dispatcherServlet'
2025-06-09 16:43:32.208 [http-nio-8103-exec-1] INFO  o.s.web.servlet.DispatcherServlet - Initializing Servlet 'dispatcherServlet'
2025-06-09 16:43:32.210 [http-nio-8103-exec-1] INFO  o.s.web.servlet.DispatcherServlet - Completed initialization in 2 ms
